<?xml version="1.0" encoding="UTF-8"?>
<!-- Generated by org.testng.reporters.JUnitReportReporter -->
<testsuite hostname="DESKTOP-CJP9LAI" failures="0" tests="1" name="com.company.app.testcases.AppiumTest" time="12.716" errors="0" timestamp="2020-07-07T17:29:43 MYT" skipped="0">
  <testcase classname="com.company.app.testcases.AppiumTest" name="t1" time="12.716"/>
  <system-out/>
</testsuite> <!-- com.company.app.testcases.AppiumTest -->
